build/intermediates/manifest_merge_blame_file/debug/manifest-merger-blame-debug-report.txt
1<?xml version="1.0" encoding="utf-8"?>
2<manifest xmlns:android="http://schemas.android.com/apk/res/android"
3    package="org.odk.collect.android"
4    android:versionCode="1073"
5    android:versionName="b46a5db-dirty" >
6
7    <uses-sdk
8        android:minSdkVersion="23"
9        android:targetSdkVersion="33" />
10
11    <uses-permission android:name="android.permission.DISABLE_KEYGUARD" />
11-->src\debug\AndroidManifest.xml:5:5-74
11-->src\debug\AndroidManifest.xml:5:22-72
12
13    <!-- Allows changing locales -->
14    <uses-permission android:name="android.permission.CHANGE_CONFIGURATION" />
14-->src\debug\AndroidManifest.xml:8:5-115
14-->src\debug\AndroidManifest.xml:8:22-76
15
16    <uses-feature
16-->src\main\AndroidManifest.xml:15:5-17:36
17        android:name="android.hardware.location"
17-->src\main\AndroidManifest.xml:16:9-49
18        android:required="false" />
18-->src\main\AndroidManifest.xml:17:9-33
19    <uses-feature
19-->src\main\AndroidManifest.xml:18:5-20:36
20        android:name="android.hardware.location.network"
20-->src\main\AndroidManifest.xml:19:9-57
21        android:required="false" />
21-->src\main\AndroidManifest.xml:20:9-33
22    <uses-feature
22-->src\main\AndroidManifest.xml:21:5-23:36
23        android:name="android.hardware.location.gps"
23-->src\main\AndroidManifest.xml:22:9-53
24        android:required="false" />
24-->src\main\AndroidManifest.xml:23:9-33
25    <uses-feature
25-->src\main\AndroidManifest.xml:24:5-26:36
26        android:name="android.hardware.telephony"
26-->src\main\AndroidManifest.xml:25:9-50
27        android:required="false" />
27-->src\main\AndroidManifest.xml:26:9-33
28    <uses-feature
28-->src\main\AndroidManifest.xml:27:5-29:36
29        android:name="android.hardware.wifi"
29-->src\main\AndroidManifest.xml:28:9-45
30        android:required="false" /> <!-- Dangerous permissions -->
30-->src\main\AndroidManifest.xml:29:9-33
31    <uses-permission android:name="android.permission.ACCESS_FINE_LOCATION" />
31-->src\main\AndroidManifest.xml:32:5-79
31-->src\main\AndroidManifest.xml:32:22-76
32    <uses-permission android:name="android.permission.ACCESS_COARSE_LOCATION" />
32-->src\main\AndroidManifest.xml:33:5-81
32-->src\main\AndroidManifest.xml:33:22-78
33    <uses-permission android:name="android.permission.WRITE_EXTERNAL_STORAGE" />
33-->src\main\AndroidManifest.xml:34:5-81
33-->src\main\AndroidManifest.xml:34:22-78
34    <uses-permission android:name="android.permission.READ_EXTERNAL_STORAGE" />
34-->src\main\AndroidManifest.xml:35:5-80
34-->src\main\AndroidManifest.xml:35:22-77
35    <uses-permission android:name="android.permission.CAMERA" />
35-->src\main\AndroidManifest.xml:36:5-65
35-->src\main\AndroidManifest.xml:36:22-62
36    <uses-permission android:name="android.permission.RECORD_AUDIO" />
36-->src\main\AndroidManifest.xml:37:5-71
36-->src\main\AndroidManifest.xml:37:22-68
37    <uses-permission android:name="android.permission.POST_NOTIFICATIONS" />
37-->src\main\AndroidManifest.xml:38:5-76
37-->src\main\AndroidManifest.xml:38:22-74
38    <uses-permission android:name="android.permission.RECEIVE_SMS" />
38-->src\main\AndroidManifest.xml:39:5-69
38-->src\main\AndroidManifest.xml:39:22-67
39    <uses-permission android:name="android.permission.READ_SMS" />
39-->src\main\AndroidManifest.xml:40:5-66
39-->src\main\AndroidManifest.xml:40:22-64
40    <uses-permission android:name="android.permission.SEND_SMS" /> <!-- Normal permissions -->
40-->src\main\AndroidManifest.xml:41:5-66
40-->src\main\AndroidManifest.xml:41:22-64
41    <uses-permission android:name="android.permission.INTERNET" />
41-->src\main\AndroidManifest.xml:44:5-67
41-->src\main\AndroidManifest.xml:44:22-64
42    <uses-permission android:name="android.permission.ACCESS_WIFI_STATE" />
42-->src\main\AndroidManifest.xml:45:5-76
42-->src\main\AndroidManifest.xml:45:22-73
43    <uses-permission android:name="android.permission.ACCESS_NETWORK_STATE" />
43-->src\main\AndroidManifest.xml:46:5-79
43-->src\main\AndroidManifest.xml:46:22-76
44    <uses-permission android:name="android.permission.WAKE_LOCK" />
44-->src\main\AndroidManifest.xml:47:5-68
44-->src\main\AndroidManifest.xml:47:22-65
45    <!--
46        Since we use Scoped Storage, we should not need this permission. However, we discovered that
47        this might be required in some rare cases, probably due to bugs in Android OS.
48        See: https://github.com/getodk/collect/issues/5145
49    -->
50    <uses-permission android:name="android.permission.WRITE_EXTERNAL_STORAGE" />
50-->src\main\AndroidManifest.xml:34:5-81
50-->src\main\AndroidManifest.xml:34:22-78
51    <uses-permission android:name="android.permission.SEND_SMS" />
51-->src\main\AndroidManifest.xml:41:5-66
51-->src\main\AndroidManifest.xml:41:22-64
52    <uses-permission android:name="android.permission.INTERNET" />
52-->src\main\AndroidManifest.xml:44:5-67
52-->src\main\AndroidManifest.xml:44:22-64
53    <uses-permission android:name="android.permission.READ_PHONE_STATE" />
53-->src\main\AndroidManifest.xml:58:5-74
53-->src\main\AndroidManifest.xml:58:22-72
54    <uses-permission android:name="android.permission.RECEIVE_SMS" />
54-->src\main\AndroidManifest.xml:39:5-69
54-->src\main\AndroidManifest.xml:39:22-67
55    <uses-permission android:name="android.permission.READ_SMS" />
55-->src\main\AndroidManifest.xml:40:5-66
55-->src\main\AndroidManifest.xml:40:22-64
56    <uses-permission android:name="android.permission.READ_EXTERNAL_STORAGE" />
56-->src\main\AndroidManifest.xml:35:5-80
56-->src\main\AndroidManifest.xml:35:22-77
57    <uses-permission android:name="android.permission.WRITE_EXTERNAL_STORAGE" /> <!-- Removed in API 23 -->
57-->src\main\AndroidManifest.xml:34:5-81
57-->src\main\AndroidManifest.xml:34:22-78
58    <uses-permission
58-->src\main\AndroidManifest.xml:66:5-68:38
59        android:name="android.permission.USE_CREDENTIALS"
59-->src\main\AndroidManifest.xml:67:9-58
60        android:maxSdkVersion="22" />
60-->src\main\AndroidManifest.xml:68:9-35
61    <uses-permission
61-->src\main\AndroidManifest.xml:69:5-71:38
62        android:name="android.permission.MANAGE_ACCOUNTS"
62-->src\main\AndroidManifest.xml:70:9-58
63        android:maxSdkVersion="22" />
63-->src\main\AndroidManifest.xml:71:9-35
64
65    <uses-feature
65-->src\main\AndroidManifest.xml:73:5-75:36
66        android:name="android.hardware.camera"
66-->src\main\AndroidManifest.xml:74:9-47
67        android:required="false" />
67-->src\main\AndroidManifest.xml:75:9-33
68    <uses-feature
68-->src\main\AndroidManifest.xml:76:5-78:36
69        android:name="android.hardware.camera.autofocus"
69-->src\main\AndroidManifest.xml:77:9-57
70        android:required="false" />
70-->src\main\AndroidManifest.xml:78:9-33
71    <uses-feature
71-->src\main\AndroidManifest.xml:79:5-81:36
72        android:name="android.hardware.screen.portrait"
72-->src\main\AndroidManifest.xml:80:9-56
73        android:required="false" />
73-->src\main\AndroidManifest.xml:81:9-33
74
75    <supports-screens
75-->src\main\AndroidManifest.xml:83:5-89:40
76        android:anyDensity="true"
76-->src\main\AndroidManifest.xml:84:9-34
77        android:largeScreens="true"
77-->src\main\AndroidManifest.xml:85:9-36
78        android:normalScreens="true"
78-->src\main\AndroidManifest.xml:86:9-37
79        android:resizeable="true"
79-->src\main\AndroidManifest.xml:87:9-34
80        android:smallScreens="true"
80-->src\main\AndroidManifest.xml:88:9-36
81        android:xlargeScreens="true" />
81-->src\main\AndroidManifest.xml:89:9-37
82
83    <queries>
83-->src\main\AndroidManifest.xml:384:5-388:15
84        <intent>
84-->src\main\AndroidManifest.xml:385:9-387:18
85            <action android:name="android.intent.action.MAIN" />
85-->src\main\AndroidManifest.xml:116:17-69
85-->src\main\AndroidManifest.xml:116:25-66
86        </intent>
87        <!-- Needs to be explicitly declared on Android R+ -->
88        <package android:name="com.google.android.apps.maps" />
88-->[com.google.android.gms:play-services-maps:18.2.0] AndroidManifest.xml:33:9-64
88-->[com.google.android.gms:play-services-maps:18.2.0] AndroidManifest.xml:33:18-61
89        <package android:name="androidx.test.orchestrator" />
89-->[androidx.test:runner:1.5.2] AndroidManifest.xml:25:9-62
89-->[androidx.test:runner:1.5.2] AndroidManifest.xml:25:18-59
90        <package android:name="androidx.test.services" />
90-->[androidx.test:runner:1.5.2] AndroidManifest.xml:26:9-58
90-->[androidx.test:runner:1.5.2] AndroidManifest.xml:26:18-55
91        <package android:name="com.google.android.apps.common.testing.services" />
91-->[androidx.test:runner:1.5.2] AndroidManifest.xml:27:9-83
91-->[androidx.test:runner:1.5.2] AndroidManifest.xml:27:18-80
92    </queries>
93
94    <uses-permission android:name="android.permission.FOREGROUND_SERVICE" />
94-->[:audio-recorder] AndroidManifest.xml:7:5-77
94-->[:audio-recorder] AndroidManifest.xml:7:22-74
95
96    <uses-feature
96-->[com.google.android.gms:play-services-maps:18.2.0] AndroidManifest.xml:26:5-28:35
97        android:glEsVersion="0x00020000"
97-->[com.google.android.gms:play-services-maps:18.2.0] AndroidManifest.xml:27:9-41
98        android:required="true" />
98-->[com.google.android.gms:play-services-maps:18.2.0] AndroidManifest.xml:28:9-32
99
100    <uses-permission android:name="android.permission.REORDER_TASKS" />
100-->[androidx.fragment:fragment-testing-manifest:1.6.2] AndroidManifest.xml:23:5-72
100-->[androidx.fragment:fragment-testing-manifest:1.6.2] AndroidManifest.xml:23:22-69
101    <uses-permission android:name="com.google.android.finsky.permission.BIND_GET_INSTALL_REFERRER_SERVICE" />
101-->[com.google.android.gms:play-services-measurement:21.6.1] AndroidManifest.xml:26:5-110
101-->[com.google.android.gms:play-services-measurement:21.6.1] AndroidManifest.xml:26:22-107
102    <uses-permission android:name="com.google.android.gms.permission.AD_ID" />
102-->[com.google.android.gms:play-services-measurement-api:21.6.1] AndroidManifest.xml:25:5-79
102-->[com.google.android.gms:play-services-measurement-api:21.6.1] AndroidManifest.xml:25:22-76
103    <uses-permission android:name="android.permission.ACCESS_ADSERVICES_ATTRIBUTION" />
103-->[com.google.android.gms:play-services-measurement-api:21.6.1] AndroidManifest.xml:26:5-88
103-->[com.google.android.gms:play-services-measurement-api:21.6.1] AndroidManifest.xml:26:22-85
104    <uses-permission android:name="android.permission.ACCESS_ADSERVICES_AD_ID" />
104-->[com.google.android.gms:play-services-measurement-api:21.6.1] AndroidManifest.xml:27:5-82
104-->[com.google.android.gms:play-services-measurement-api:21.6.1] AndroidManifest.xml:27:22-79
105    <uses-permission android:name="com.google.android.providers.gsf.permission.READ_GSERVICES" />
105-->[com.google.android.recaptcha:recaptcha:18.4.0] AndroidManifest.xml:9:5-98
105-->[com.google.android.recaptcha:recaptcha:18.4.0] AndroidManifest.xml:9:22-95
106    <uses-permission android:name="android.permission.RECEIVE_BOOT_COMPLETED" />
106-->[androidx.work:work-runtime:2.9.0] AndroidManifest.xml:25:5-81
106-->[androidx.work:work-runtime:2.9.0] AndroidManifest.xml:25:22-78
107
108    <permission
108-->[androidx.core:core:1.12.0] AndroidManifest.xml:22:5-24:47
109        android:name="org.odk.collect.android.DYNAMIC_RECEIVER_NOT_EXPORTED_PERMISSION"
109-->[androidx.core:core:1.12.0] AndroidManifest.xml:23:9-81
110        android:protectionLevel="signature" />
110-->[androidx.core:core:1.12.0] AndroidManifest.xml:24:9-44
111
112    <uses-permission android:name="org.odk.collect.android.DYNAMIC_RECEIVER_NOT_EXPORTED_PERMISSION" />
112-->[androidx.core:core:1.12.0] AndroidManifest.xml:26:5-97
112-->[androidx.core:core:1.12.0] AndroidManifest.xml:26:22-94
113
114    <uses-feature
114-->[com.journeyapps:zxing-android-embedded:4.3.0] AndroidManifest.xml:28:5-30:36
115        android:name="android.hardware.camera.front"
115-->[com.journeyapps:zxing-android-embedded:4.3.0] AndroidManifest.xml:29:9-53
116        android:required="false" />
116-->[com.journeyapps:zxing-android-embedded:4.3.0] AndroidManifest.xml:30:9-33
117    <uses-feature
117-->[com.journeyapps:zxing-android-embedded:4.3.0] AndroidManifest.xml:36:5-38:36
118        android:name="android.hardware.camera.flash"
118-->[com.journeyapps:zxing-android-embedded:4.3.0] AndroidManifest.xml:37:9-53
119        android:required="false" />
119-->[com.journeyapps:zxing-android-embedded:4.3.0] AndroidManifest.xml:38:9-33
120    <uses-feature
120-->[com.journeyapps:zxing-android-embedded:4.3.0] AndroidManifest.xml:39:5-41:36
121        android:name="android.hardware.screen.landscape"
121-->[com.journeyapps:zxing-android-embedded:4.3.0] AndroidManifest.xml:40:9-57
122        android:required="false" />
122-->[com.journeyapps:zxing-android-embedded:4.3.0] AndroidManifest.xml:41:9-33
123
124    <application
124-->src\main\AndroidManifest.xml:91:5-382:19
125        android:name="org.odk.collect.android.application.Collect"
125-->src\main\AndroidManifest.xml:92:9-44
126        android:allowBackup="true"
126-->src\main\AndroidManifest.xml:93:9-35
127        android:appComponentFactory="androidx.core.app.CoreComponentFactory"
127-->[androidx.core:core:1.12.0] AndroidManifest.xml:28:18-86
128        android:debuggable="true"
129        android:extractNativeLibs="false"
130        android:icon="@drawable/notes"
130-->src\main\AndroidManifest.xml:94:9-39
131        android:installLocation="auto"
131-->src\main\AndroidManifest.xml:95:9-39
132        android:label="@string/collect_app_name"
132-->src\main\AndroidManifest.xml:96:9-49
133        android:largeHeap="true"
133-->src\main\AndroidManifest.xml:97:9-33
134        android:networkSecurityConfig="@xml/network_security_config"
134-->src\main\AndroidManifest.xml:98:9-69
135        android:supportsRtl="true"
135-->src\main\AndroidManifest.xml:99:9-35
136        android:testOnly="true"
137        android:theme="@style/Theme.Collect"
137-->src\main\AndroidManifest.xml:101:9-45
138        android:usesCleartextTraffic="true" >
138-->src\main\AndroidManifest.xml:100:9-44
139        <provider
140            android:name="androidx.core.content.FileProvider"
141            android:authorities="org.odk.collect.android.provider"
142            android:exported="false"
143            android:grantUriPermissions="true" >
144            <meta-data
144-->[com.squareup.leakcanary:leakcanary-android-core:2.13] AndroidManifest.xml:37:13-39:66
145                android:name="android.support.FILE_PROVIDER_PATHS"
145-->[com.squareup.leakcanary:leakcanary-android-core:2.13] AndroidManifest.xml:38:17-67
146                android:resource="@xml/provider_paths" />
146-->[com.squareup.leakcanary:leakcanary-android-core:2.13] AndroidManifest.xml:39:17-63
147        </provider>
148
149        <activity
149-->src\main\AndroidManifest.xml:113:9-119:20
150            android:name="org.odk.collect.android.activities.CreateUserActivity"
150-->src\main\AndroidManifest.xml:113:19-64
151            android:exported="true" >
151-->src\main\AndroidManifest.xml:114:13-36
152            <intent-filter>
152-->src\main\AndroidManifest.xml:115:13-118:29
153                <action android:name="android.intent.action.MAIN" />
153-->src\main\AndroidManifest.xml:116:17-69
153-->src\main\AndroidManifest.xml:116:25-66
154
155                <category android:name="android.intent.category.LAUNCHER" />
155-->src\main\AndroidManifest.xml:117:17-77
155-->src\main\AndroidManifest.xml:117:27-74
156            </intent-filter>
157        </activity>
158        <activity
158-->src\main\AndroidManifest.xml:120:9-127:20
159            android:name="org.odk.collect.android.activities.LoginActivity"
159-->src\main\AndroidManifest.xml:121:13-53
160            android:exported="true" >
160-->src\main\AndroidManifest.xml:122:13-36
161            <intent-filter>
161-->src\main\AndroidManifest.xml:115:13-118:29
162                <action android:name="android.intent.action.MAIN" />
162-->src\main\AndroidManifest.xml:116:17-69
162-->src\main\AndroidManifest.xml:116:25-66
163
164                <category android:name="android.intent.category.LAUNCHER" />
164-->src\main\AndroidManifest.xml:117:17-77
164-->src\main\AndroidManifest.xml:117:27-74
165            </intent-filter>
166        </activity>
167        <activity
167-->src\main\AndroidManifest.xml:129:9-134:20
168            android:name="org.odk.collect.android.activities.HomeActivity"
168-->src\main\AndroidManifest.xml:129:19-58
169            android:exported="true" >
169-->src\main\AndroidManifest.xml:129:59-82
170            <intent-filter>
170-->src\main\AndroidManifest.xml:115:13-118:29
171                <action android:name="android.intent.action.MAIN" />
171-->src\main\AndroidManifest.xml:116:17-69
171-->src\main\AndroidManifest.xml:116:25-66
172
173                <category android:name="android.intent.category.LAUNCHER" />
173-->src\main\AndroidManifest.xml:117:17-77
173-->src\main\AndroidManifest.xml:117:27-74
174            </intent-filter>
175        </activity>
176
177        <!-- Ajout des nouvelles activités -->
178        <activity
178-->src\main\AndroidManifest.xml:137:9-88
179            android:name="org.odk.collect.android.activities.ProfileActivity"
179-->src\main\AndroidManifest.xml:137:19-61
180            android:exported="true" />
180-->src\main\AndroidManifest.xml:137:62-85
181        <activity
181-->src\main\AndroidManifest.xml:138:9-95
182            android:name="org.odk.collect.android.activities.ChangePasswordActivity"
182-->src\main\AndroidManifest.xml:138:19-68
183            android:exported="true" />
183-->src\main\AndroidManifest.xml:138:69-92
184        <activity
184-->src\main\AndroidManifest.xml:140:9-142:20
185            android:name="org.odk.collect.android.activities.MainActivity"
185-->src\main\AndroidManifest.xml:140:19-58
186            android:exported="true" >
186-->src\main\AndroidManifest.xml:140:59-82
187
188            <!-- Supprimer le intent-filter pour ne pas lancer MainActivity comme activité principale -->
189        </activity>
190        <activity
190-->src\main\AndroidManifest.xml:144:9-96
191            android:name="org.odk.collect.android.activities.DetailActivity"
191-->src\main\AndroidManifest.xml:144:19-60
192            android:exported="true" />
192-->src\main\AndroidManifest.xml:144:61-84
193        <activity android:name="org.odk.collect.android.activities.FormActivity" />
193-->src\main\AndroidManifest.xml:145:9-61
193-->src\main\AndroidManifest.xml:145:19-58
194        <activity android:name="org.odk.collect.android.activities.ProjectDetailsActivity" />
194-->src\main\AndroidManifest.xml:146:9-71
194-->src\main\AndroidManifest.xml:146:19-68
195        <activity android:name="org.odk.collect.android.activities.SavedProjectsActivity" />
195-->src\main\AndroidManifest.xml:147:9-70
195-->src\main\AndroidManifest.xml:147:19-67
196        <activity
196-->src\main\AndroidManifest.xml:149:9-156:20
197            android:name="org.odk.collect.android.activities.FirstLaunchActivity"
197-->src\main\AndroidManifest.xml:150:13-59
198            android:exported="true" >
198-->src\main\AndroidManifest.xml:151:13-36
199            <intent-filter>
199-->src\main\AndroidManifest.xml:115:13-118:29
200                <action android:name="android.intent.action.MAIN" />
200-->src\main\AndroidManifest.xml:116:17-69
200-->src\main\AndroidManifest.xml:116:25-66
201
202                <category android:name="android.intent.category.LAUNCHER" />
202-->src\main\AndroidManifest.xml:117:17-77
202-->src\main\AndroidManifest.xml:117:27-74
203            </intent-filter>
204        </activity>
205        <activity
205-->src\main\AndroidManifest.xml:158:9-165:20
206            android:name="org.odk.collect.android.mainmenu.MainMenuActivity"
206-->src\main\AndroidManifest.xml:159:13-54
207            android:exported="true"
207-->src\main\AndroidManifest.xml:161:13-36
208            android:theme="@style/Theme.Collect.SplashScreen" >
208-->src\main\AndroidManifest.xml:160:13-62
209            <intent-filter>
209-->src\main\AndroidManifest.xml:162:13-164:29
210                <category android:name="android.intent.category.DEFAULT" />
210-->src\main\AndroidManifest.xml:163:17-76
210-->src\main\AndroidManifest.xml:163:27-73
211            </intent-filter>
212        </activity>
213        <activity android:name="org.odk.collect.android.activities.CrashHandlerActivity" />
213-->src\main\AndroidManifest.xml:167:9-92
213-->src\main\AndroidManifest.xml:167:19-89
214        <activity
214-->src\main\AndroidManifest.xml:169:9-173:63
215            android:name="org.odk.collect.android.activities.ScannerWithFlashlightActivity"
215-->src\main\AndroidManifest.xml:170:13-69
216            android:screenOrientation="portrait"
216-->src\main\AndroidManifest.xml:171:13-49
217            android:stateNotNeeded="true"
217-->src\main\AndroidManifest.xml:172:13-42
218            android:windowSoftInputMode="stateAlwaysHidden" />
218-->src\main\AndroidManifest.xml:173:13-60
219        <activity
219-->src\main\AndroidManifest.xml:174:9-177:58
220            android:name="org.odk.collect.android.activities.FormFillingActivity"
220-->src\main\AndroidManifest.xml:175:13-59
221            android:theme="@style/Theme.Collect.FormEntry"
221-->src\main\AndroidManifest.xml:176:13-59
222            android:windowSoftInputMode="adjustResize" />
222-->src\main\AndroidManifest.xml:177:13-55
223        <activity
223-->src\main\AndroidManifest.xml:178:9-180:53
224            android:name="org.odk.collect.draw.DrawActivity"
224-->src\main\AndroidManifest.xml:179:13-61
225            android:screenOrientation="landscape" />
225-->src\main\AndroidManifest.xml:180:13-50
226        <activity android:name="org.odk.collect.android.activities.InstanceChooserList" />
226-->src\main\AndroidManifest.xml:181:9-68
226-->src\main\AndroidManifest.xml:181:19-65
227
228        <activity-alias
228-->src\main\AndroidManifest.xml:285:9-299:26
229            android:name="org.odk.collect.android.activities.InstanceChooserList"
229-->src\main\AndroidManifest.xml:286:13-59
230            android:exported="true"
230-->src\main\AndroidManifest.xml:288:13-36
231            android:targetActivity="org.odk.collect.android.activities.InstanceChooserList" >
231-->src\main\AndroidManifest.xml:287:13-69
232            <intent-filter>
232-->src\main\AndroidManifest.xml:290:13-298:29
233                <action android:name="android.intent.action.VIEW" />
233-->src\main\AndroidManifest.xml:291:17-69
233-->src\main\AndroidManifest.xml:291:25-66
234                <action android:name="android.intent.action.EDIT" />
234-->src\main\AndroidManifest.xml:292:17-69
234-->src\main\AndroidManifest.xml:292:25-66
235                <action android:name="android.intent.action.PICK" />
235-->src\main\AndroidManifest.xml:293:17-69
235-->src\main\AndroidManifest.xml:293:25-66
236
237                <category android:name="android.intent.category.DEFAULT" />
237-->src\main\AndroidManifest.xml:163:17-76
237-->src\main\AndroidManifest.xml:163:27-73
238
239                <data android:mimeType="vnd.android.cursor.dir/vnd.odk.instance" />
239-->src\main\AndroidManifest.xml:297:17-84
239-->src\main\AndroidManifest.xml:297:23-81
240            </intent-filter>
241        </activity-alias>
242
243        <activity
243-->src\main\AndroidManifest.xml:182:9-184:46
244            android:name="org.odk.collect.android.formlists.blankformlist.BlankFormListActivity"
244-->src\main\AndroidManifest.xml:183:13-74
245            android:launchMode="singleTop" />
245-->src\main\AndroidManifest.xml:184:13-43
246
247        <activity-alias
247-->src\main\AndroidManifest.xml:301:9-315:26
248            android:name="org.odk.collect.android.activities.FormChooserList"
248-->src\main\AndroidManifest.xml:302:13-55
249            android:exported="true"
249-->src\main\AndroidManifest.xml:304:13-36
250            android:targetActivity="org.odk.collect.android.formlists.blankformlist.BlankFormListActivity" >
250-->src\main\AndroidManifest.xml:303:13-84
251            <intent-filter>
251-->src\main\AndroidManifest.xml:306:13-314:29
252                <action android:name="android.intent.action.VIEW" />
252-->src\main\AndroidManifest.xml:291:17-69
252-->src\main\AndroidManifest.xml:291:25-66
253                <action android:name="android.intent.action.EDIT" />
253-->src\main\AndroidManifest.xml:292:17-69
253-->src\main\AndroidManifest.xml:292:25-66
254                <action android:name="android.intent.action.PICK" />
254-->src\main\AndroidManifest.xml:293:17-69
254-->src\main\AndroidManifest.xml:293:25-66
255
256                <category android:name="android.intent.category.DEFAULT" />
256-->src\main\AndroidManifest.xml:163:17-76
256-->src\main\AndroidManifest.xml:163:27-73
257
258                <data android:mimeType="vnd.android.cursor.dir/vnd.odk.form" />
258-->src\main\AndroidManifest.xml:297:17-84
258-->src\main\AndroidManifest.xml:297:23-81
259            </intent-filter>
260        </activity-alias>
261
262        <activity android:name="org.odk.collect.android.activities.FormDownloadListActivity" />
262-->src\main\AndroidManifest.xml:185:9-73
262-->src\main\AndroidManifest.xml:185:19-70
263
264        <activity-alias
264-->src\main\AndroidManifest.xml:317:9-326:26
265            android:name="org.odk.collect.android.activities.FormDownloadList"
265-->src\main\AndroidManifest.xml:318:13-56
266            android:exported="true"
266-->src\main\AndroidManifest.xml:320:13-36
267            android:targetActivity="org.odk.collect.android.activities.FormDownloadListActivity" >
267-->src\main\AndroidManifest.xml:319:13-74
268            <intent-filter>
268-->src\main\AndroidManifest.xml:321:13-325:29
269                <action android:name="org.odk.collect.android.FORM_DOWNLOAD" />
269-->src\main\AndroidManifest.xml:322:17-80
269-->src\main\AndroidManifest.xml:322:25-77
270
271                <category android:name="android.intent.category.DEFAULT" />
271-->src\main\AndroidManifest.xml:163:17-76
271-->src\main\AndroidManifest.xml:163:27-73
272
273                <data android:mimeType="vnd.android.cursor.dir/vnd.odk.form" />
273-->src\main\AndroidManifest.xml:297:17-84
273-->src\main\AndroidManifest.xml:297:23-81
274            </intent-filter>
275        </activity-alias>
276
277        <activity android:name="org.odk.collect.android.activities.DeleteFormsActivity" />
277-->src\main\AndroidManifest.xml:186:9-68
277-->src\main\AndroidManifest.xml:186:19-65
278        <activity
278-->src\main\AndroidManifest.xml:187:9-189:62
279            android:name="org.odk.collect.android.instancemanagement.send.InstanceUploaderListActivity"
279-->src\main\AndroidManifest.xml:188:13-81
280            android:configChanges="orientation|screenSize" />
280-->src\main\AndroidManifest.xml:189:13-59
281
282        <activity-alias
282-->src\main\AndroidManifest.xml:328:9-338:26
283            android:name="org.odk.collect.android.activities.InstanceUploaderList"
283-->src\main\AndroidManifest.xml:329:13-60
284            android:exported="true"
284-->src\main\AndroidManifest.xml:331:13-36
285            android:targetActivity="org.odk.collect.android.instancemanagement.send.InstanceUploaderListActivity" >
285-->src\main\AndroidManifest.xml:330:13-91
286            <intent-filter>
286-->src\main\AndroidManifest.xml:332:13-337:29
287                <action android:name="android.intent.action.VIEW" />
287-->src\main\AndroidManifest.xml:291:17-69
287-->src\main\AndroidManifest.xml:291:25-66
288                <action android:name="android.intent.action.EDIT" />
288-->src\main\AndroidManifest.xml:292:17-69
288-->src\main\AndroidManifest.xml:292:25-66
289
290                <category android:name="android.intent.category.DEFAULT" />
290-->src\main\AndroidManifest.xml:163:17-76
290-->src\main\AndroidManifest.xml:163:27-73
291            </intent-filter>
292        </activity-alias>
293
294        <activity android:name="org.odk.collect.android.instancemanagement.send.InstanceUploaderActivity" />
294-->src\main\AndroidManifest.xml:190:9-86
294-->src\main\AndroidManifest.xml:190:19-83
295
296        <activity-alias
296-->src\main\AndroidManifest.xml:340:9-349:26
297            android:name="org.odk.collect.android.activities.InstanceUploaderActivity"
297-->src\main\AndroidManifest.xml:341:13-64
298            android:exported="true"
298-->src\main\AndroidManifest.xml:343:13-36
299            android:targetActivity="org.odk.collect.android.instancemanagement.send.InstanceUploaderActivity" >
299-->src\main\AndroidManifest.xml:342:13-87
300            <intent-filter>
300-->src\main\AndroidManifest.xml:344:13-348:29
301                <action android:name="org.odk.collect.android.INSTANCE_UPLOAD" />
301-->src\main\AndroidManifest.xml:345:17-82
301-->src\main\AndroidManifest.xml:345:25-79
302
303                <category android:name="android.intent.category.DEFAULT" />
303-->src\main\AndroidManifest.xml:163:17-76
303-->src\main\AndroidManifest.xml:163:27-73
304
305                <data android:mimeType="vnd.android.cursor.dir/vnd.odk.instance" />
305-->src\main\AndroidManifest.xml:297:17-84
305-->src\main\AndroidManifest.xml:297:23-81
306            </intent-filter>
307        </activity-alias>
308
309        <activity android:name="org.odk.collect.android.activities.AboutActivity" />
309-->src\main\AndroidManifest.xml:191:9-62
309-->src\main\AndroidManifest.xml:191:19-59
310        <activity android:name="org.odk.collect.android.configure.qr.QRCodeTabsActivity" />
310-->src\main\AndroidManifest.xml:192:9-69
310-->src\main\AndroidManifest.xml:192:19-66
311        <activity
311-->src\main\AndroidManifest.xml:193:9-195:61
312            android:name="org.odk.collect.android.preferences.screens.ProjectPreferencesActivity"
312-->src\main\AndroidManifest.xml:194:13-75
313            android:theme="@style/Theme.Collect.Settings" />